[debug] [2026-01-12T00:04:45.131Z] ----------------------------------------------------------------------
[debug] [2026-01-12T00:04:45.133Z] Command:       /Users/mitya_zamay/.nvm/versions/node/v20.19.6/bin/node /Users/mitya_zamay/.nvm/versions/node/v20.19.6/bin/firebase deploy
[debug] [2026-01-12T00:04:45.133Z] CLI Version:   15.2.1
[debug] [2026-01-12T00:04:45.133Z] Platform:      darwin
[debug] [2026-01-12T00:04:45.134Z] Node Version:  v20.19.6
[debug] [2026-01-12T00:04:45.134Z] Time:          Mon Jan 12 2026 01:04:45 GMT+0100 (Central European Standard Time)
[debug] [2026-01-12T00:04:45.134Z] ----------------------------------------------------------------------
[debug] 
[debug] [2026-01-12T00:04:46.019Z] > command requires scopes: ["email","openid","https://www.googleapis.com/auth/cloudplatformprojects.readonly","https://www.googleapis.com/auth/firebase","https://www.googleapis.com/auth/cloud-platform"]
[debug] [2026-01-12T00:04:46.019Z] > authorizing via signed-in user (dmytrozamai@gmail.com)
[debug] [2026-01-12T00:04:46.019Z] [iam] checking project mymetricsbody for permissions ["firebase.projects.get","firebasehosting.sites.update"]
[debug] [2026-01-12T00:04:46.020Z] Checked if tokens are valid: true, expires at: 1768178872736
[debug] [2026-01-12T00:04:46.020Z] Checked if tokens are valid: true, expires at: 1768178872736
[debug] [2026-01-12T00:04:46.020Z] >>> [apiv2][query] POST https://cloudresourcemanager.googleapis.com/v1/projects/mymetricsbody:testIamPermissions [none]
[debug] [2026-01-12T00:04:46.020Z] >>> [apiv2][(partial)header] POST https://cloudresourcemanager.googleapis.com/v1/projects/mymetricsbody:testIamPermissions x-goog-quota-user=projects/mymetricsbody
[debug] [2026-01-12T00:04:46.021Z] >>> [apiv2][body] POST https://cloudresourcemanager.googleapis.com/v1/projects/mymetricsbody:testIamPermissions {"permissions":["firebase.projects.get","firebasehosting.sites.update"]}
[debug] [2026-01-12T00:04:46.738Z] <<< [apiv2][status] POST https://cloudresourcemanager.googleapis.com/v1/projects/mymetricsbody:testIamPermissions 200
[debug] [2026-01-12T00:04:46.738Z] <<< [apiv2][body] POST https://cloudresourcemanager.googleapis.com/v1/projects/mymetricsbody:testIamPermissions {"permissions":["firebase.projects.get","firebasehosting.sites.update"]}
[debug] [2026-01-12T00:04:46.739Z] Checked if tokens are valid: true, expires at: 1768178872736
[debug] [2026-01-12T00:04:46.739Z] Checked if tokens are valid: true, expires at: 1768178872736
[debug] [2026-01-12T00:04:46.740Z] >>> [apiv2][query] GET https://firebase.googleapis.com/v1beta1/projects/mymetricsbody [none]
[debug] [2026-01-12T00:04:47.020Z] <<< [apiv2][status] GET https://firebase.googleapis.com/v1beta1/projects/mymetricsbody 200
[debug] [2026-01-12T00:04:47.020Z] <<< [apiv2][body] GET https://firebase.googleapis.com/v1beta1/projects/mymetricsbody {"projectId":"mymetricsbody","projectNumber":"532839814840","displayName":"MyMetricsBody","name":"projects/mymetricsbody","resources":{"hostingSite":"mymetricsbody"},"state":"ACTIVE","etag":"1_91eca477-0f7e-4b4b-920e-4f1a9fe2743c"}
[info] 
[info] === Deploying to 'mymetricsbody'...
[info] 
[info] i  deploying hosting 
[debug] [2026-01-12T00:04:47.027Z] Checked if tokens are valid: true, expires at: 1768178872736
[debug] [2026-01-12T00:04:47.027Z] Checked if tokens are valid: true, expires at: 1768178872736
[debug] [2026-01-12T00:04:47.027Z] >>> [apiv2][query] POST https://firebasehosting.googleapis.com/v1beta1/projects/-/sites/mymetricsbody/versions [none]
[debug] [2026-01-12T00:04:47.027Z] >>> [apiv2][body] POST https://firebasehosting.googleapis.com/v1beta1/projects/-/sites/mymetricsbody/versions {"status":"CREATED","labels":{"deployment-tool":"cli-firebase"}}
[debug] [2026-01-12T00:04:48.025Z] <<< [apiv2][status] POST https://firebasehosting.googleapis.com/v1beta1/projects/-/sites/mymetricsbody/versions 200
[debug] [2026-01-12T00:04:48.026Z] <<< [apiv2][body] POST https://firebasehosting.googleapis.com/v1beta1/projects/-/sites/mymetricsbody/versions {"name":"projects/532839814840/sites/mymetricsbody/versions/38d57f6f7a5adeee","status":"CREATED","config":{},"labels":{"deployment-tool":"cli-firebase"}}
[info] i  hosting[mymetricsbody]: beginning deploy... 
[info] i  hosting[mymetricsbody]: found 14 files in build 
[debug] [2026-01-12T00:04:48.049Z] [hosting] uploading with 200 concurrency
[debug] [2026-01-12T00:04:48.238Z] Checked if tokens are valid: true, expires at: 1768178872736
[debug] [2026-01-12T00:04:48.238Z] Checked if tokens are valid: true, expires at: 1768178872736
[debug] [2026-01-12T00:04:48.238Z] [hosting] hash cache [YnVpbGQ] stored for 14 files
[debug] [2026-01-12T00:04:48.238Z] [hosting][hash queue][FINAL] {"max":182,"min":7,"avg":45,"active":0,"complete":14,"success":14,"errored":0,"retried":0,"total":14,"elapsed":186}
[debug] [2026-01-12T00:04:48.238Z] >>> [apiv2][query] POST https://firebasehosting.googleapis.com/v1beta1/projects/532839814840/sites/mymetricsbody/versions/38d57f6f7a5adeee:populateFiles [none]
[debug] [2026-01-12T00:04:48.238Z] >>> [apiv2][body] POST https://firebasehosting.googleapis.com/v1beta1/projects/532839814840/sites/mymetricsbody/versions/38d57f6f7a5adeee:populateFiles {"files":{"/robots.txt":"391d14b3c2f8c9143a27a28c7399585142228d4d1bdbe2c87ac946de411fa9a2","/manifest.json":"4e1d3adad9ce7e17c0d13fac197f1c27091906f4ecf3909c9f51247bff345118","/index.html":"2692ee2e7351b338805fabad00e75b541fd227d8e06dc1ee78a8d667917018b3","/logo512.png":"2356e0b814e58a349935c8de17226873d615d088a867d591fef48a64c80c9a2f","/asset-manifest.json":"db4f734d6ca1cde7de6e4eaa23c90237b46ba477ff5fd6a21dcc337c2c8e171b","/favicon.ico":"1463be9bedc82e16f9364eec7a1f5152cbe56229401381eed65c1496cb884407","/static/js/main.1b3afdab.js.LICENSE.txt":"e8ff6dca20c05fafd1ea3e4ff9e486280d80fb43edf1442335bad9acd30a7ffb","/static/css/main.3c97a2d6.css":"05cc6a3a6a9ed53f4792989374e17750f66ca2fd21d317cd63c14d7d4a3574d7","/logo192.png":"f66564670b5bfe49f3f04a5b63107bae60f4a7736f1d3b83aa0115f7acf45150","/static/css/main.3c97a2d6.css.map":"0135ff89c01a5402e6f46e4f3c5d202c4f760859ac25e48564a1986db8182092","/static/js/main.1b3afdab.js":"fd23a62aff8d05160d583ecf26cdceb8fbb6573581144796d7911c5bf3ecc03a","/static/media/male-front.fde96ed0a6f183a8ca02.png":"7cb00d7e3cad2de388e8809814a7c7e0b4f360fd4b244e8a68035116ccf22b75","/static/media/male-back.fcb9fd5a41396b6debc4.png":"2cfe028e6a72136c6b6f92f8d765f470fb6d1d52c111117197380b264341f274","/static/js/main.1b3afdab.js.map":"7e6f7f5da5b6f98f16fd984d714061476c9d0141cd9aa504984c7a67e2c428ec"}}
[debug] [2026-01-12T00:04:48.515Z] <<< [apiv2][status] POST https://firebasehosting.googleapis.com/v1beta1/projects/532839814840/sites/mymetricsbody/versions/38d57f6f7a5adeee:populateFiles 200
[debug] [2026-01-12T00:04:48.515Z] <<< [apiv2][body] POST https://firebasehosting.googleapis.com/v1beta1/projects/532839814840/sites/mymetricsbody/versions/38d57f6f7a5adeee:populateFiles {"uploadRequiredHashes":["db4f734d6ca1cde7de6e4eaa23c90237b46ba477ff5fd6a21dcc337c2c8e171b","fd23a62aff8d05160d583ecf26cdceb8fbb6573581144796d7911c5bf3ecc03a","2692ee2e7351b338805fabad00e75b541fd227d8e06dc1ee78a8d667917018b3","05cc6a3a6a9ed53f4792989374e17750f66ca2fd21d317cd63c14d7d4a3574d7","7e6f7f5da5b6f98f16fd984d714061476c9d0141cd9aa504984c7a67e2c428ec","0135ff89c01a5402e6f46e4f3c5d202c4f760859ac25e48564a1986db8182092"],"uploadUrl":"https://upload-firebasehosting.googleapis.com/upload/sites/mymetricsbody/versions/38d57f6f7a5adeee/files"}
[debug] [2026-01-12T00:04:48.516Z] Checked if tokens are valid: true, expires at: 1768178872736
[debug] [2026-01-12T00:04:48.516Z] Checked if tokens are valid: true, expires at: 1768178872736
[debug] [2026-01-12T00:04:48.517Z] Checked if tokens are valid: true, expires at: 1768178872736
[debug] [2026-01-12T00:04:48.517Z] Checked if tokens are valid: true, expires at: 1768178872736
[debug] [2026-01-12T00:04:48.518Z] Checked if tokens are valid: true, expires at: 1768178872736
[debug] [2026-01-12T00:04:48.518Z] Checked if tokens are valid: true, expires at: 1768178872736
[debug] [2026-01-12T00:04:48.518Z] Checked if tokens are valid: true, expires at: 1768178872736
[debug] [2026-01-12T00:04:48.518Z] Checked if tokens are valid: true, expires at: 1768178872736
[debug] [2026-01-12T00:04:48.518Z] Checked if tokens are valid: true, expires at: 1768178872736
[debug] [2026-01-12T00:04:48.518Z] Checked if tokens are valid: true, expires at: 1768178872736
[debug] [2026-01-12T00:04:48.519Z] Checked if tokens are valid: true, expires at: 1768178872736
[debug] [2026-01-12T00:04:48.519Z] Checked if tokens are valid: true, expires at: 1768178872736
[debug] [2026-01-12T00:04:48.519Z] >>> [apiv2][query] POST https://upload-firebasehosting.googleapis.com/upload/sites/mymetricsbody/versions/38d57f6f7a5adeee/files/db4f734d6ca1cde7de6e4eaa23c90237b46ba477ff5fd6a21dcc337c2c8e171b [none]
[debug] [2026-01-12T00:04:48.519Z] >>> [apiv2][body] POST https://upload-firebasehosting.googleapis.com/upload/sites/mymetricsbody/versions/38d57f6f7a5adeee/files/db4f734d6ca1cde7de6e4eaa23c90237b46ba477ff5fd6a21dcc337c2c8e171b [stream]
[debug] [2026-01-12T00:04:48.521Z] >>> [apiv2][query] POST https://upload-firebasehosting.googleapis.com/upload/sites/mymetricsbody/versions/38d57f6f7a5adeee/files/fd23a62aff8d05160d583ecf26cdceb8fbb6573581144796d7911c5bf3ecc03a [none]
[debug] [2026-01-12T00:04:48.521Z] >>> [apiv2][body] POST https://upload-firebasehosting.googleapis.com/upload/sites/mymetricsbody/versions/38d57f6f7a5adeee/files/fd23a62aff8d05160d583ecf26cdceb8fbb6573581144796d7911c5bf3ecc03a [stream]
[debug] [2026-01-12T00:04:48.522Z] >>> [apiv2][query] POST https://upload-firebasehosting.googleapis.com/upload/sites/mymetricsbody/versions/38d57f6f7a5adeee/files/2692ee2e7351b338805fabad00e75b541fd227d8e06dc1ee78a8d667917018b3 [none]
[debug] [2026-01-12T00:04:48.522Z] >>> [apiv2][body] POST https://upload-firebasehosting.googleapis.com/upload/sites/mymetricsbody/versions/38d57f6f7a5adeee/files/2692ee2e7351b338805fabad00e75b541fd227d8e06dc1ee78a8d667917018b3 [stream]
[debug] [2026-01-12T00:04:48.523Z] >>> [apiv2][query] POST https://upload-firebasehosting.googleapis.com/upload/sites/mymetricsbody/versions/38d57f6f7a5adeee/files/05cc6a3a6a9ed53f4792989374e17750f66ca2fd21d317cd63c14d7d4a3574d7 [none]
[debug] [2026-01-12T00:04:48.524Z] >>> [apiv2][body] POST https://upload-firebasehosting.googleapis.com/upload/sites/mymetricsbody/versions/38d57f6f7a5adeee/files/05cc6a3a6a9ed53f4792989374e17750f66ca2fd21d317cd63c14d7d4a3574d7 [stream]
[debug] [2026-01-12T00:04:48.525Z] >>> [apiv2][query] POST https://upload-firebasehosting.googleapis.com/upload/sites/mymetricsbody/versions/38d57f6f7a5adeee/files/7e6f7f5da5b6f98f16fd984d714061476c9d0141cd9aa504984c7a67e2c428ec [none]
[debug] [2026-01-12T00:04:48.525Z] >>> [apiv2][body] POST https://upload-firebasehosting.googleapis.com/upload/sites/mymetricsbody/versions/38d57f6f7a5adeee/files/7e6f7f5da5b6f98f16fd984d714061476c9d0141cd9aa504984c7a67e2c428ec [stream]
[debug] [2026-01-12T00:04:48.526Z] >>> [apiv2][query] POST https://upload-firebasehosting.googleapis.com/upload/sites/mymetricsbody/versions/38d57f6f7a5adeee/files/0135ff89c01a5402e6f46e4f3c5d202c4f760859ac25e48564a1986db8182092 [none]
[debug] [2026-01-12T00:04:48.526Z] >>> [apiv2][body] POST https://upload-firebasehosting.googleapis.com/upload/sites/mymetricsbody/versions/38d57f6f7a5adeee/files/0135ff89c01a5402e6f46e4f3c5d202c4f760859ac25e48564a1986db8182092 [stream]
[debug] [2026-01-12T00:04:48.528Z] [hosting][populate queue][FINAL] {"max":282,"min":282,"avg":282,"active":0,"complete":1,"success":1,"errored":0,"retried":0,"total":1,"elapsed":291}
[debug] [2026-01-12T00:04:48.528Z] [hosting] uploads queued: 6
